[free]2023/02/08 - 09:48:22.676	[34minfo[0m	F:/Go/godemo/gorm-demo/controller/register.go:33	请求数据	{"PostForm": {}}
[free]2023/02/08 - 09:48:35.045	[34minfo[0m	F:/Go/godemo/gorm-demo/controller/register.go:33	请求数据	{"PostForm": {}}
[free]2023/02/08 - 09:48:59.861	[34minfo[0m	F:/Go/godemo/gorm-demo/controller/register.go:33	请求数据	{"PostForm": {}}
[free]2023/02/08 - 09:48:59.879	[34minfo[0m	F:/Go/godemo/gorm-demo/controller/register.go:34	请求数据	{"PostForm": {"password":["000000"],"phone":["15500000001"],"username":["ac"]}}
[free]2023/02/08 - 10:33:13.374	[34minfo[0m	F:/Go/godemo/gorm-demo/controller/register.go:32	请求数据	{"PostForm": {}}
[free]2023/02/08 - 10:33:57.133	[34minfo[0m	F:/Go/godemo/gorm-demo/controller/register.go:32	请求数据	{"PostForm": {}}
[free]2023/02/08 - 10:44:57.566	[34minfo[0m	F:/Go/godemo/gorm-demo/controller/register.go:30	请求数据	{"PostForm": {}}
[free]2023/02/08 - 10:51:37.415	[34minfo[0m	F:/Go/godemo/gorm-demo/controller/register.go:30	请求数据	{"PostForm": {}}
[free]2023/02/08 - 10:51:59.939	[34minfo[0m	F:/Go/godemo/gorm-demo/controller/register.go:30	请求数据	{"PostForm": {}}
[free]2023/02/08 - 10:52:00.815	[34minfo[0m	F:/Go/godemo/gorm-demo/controller/register.go:30	请求数据	{"PostForm": {}}
[free]2023/02/08 - 10:53:47.931	[34minfo[0m	F:/Go/godemo/gorm-demo/controller/register.go:30	请求数据	{"PostForm": {"password":["000000"],"phone":["17663910224"],"username":["ac"]}}
[free]2023/02/08 - 10:53:49.632	[34minfo[0m	F:/Go/godemo/gorm-demo/controller/register.go:30	请求数据	{"PostForm": {"password":["000000"],"phone":["17663910224"],"username":["ac"]}}
[free]2023/02/08 - 10:55:55.094	[34minfo[0m	F:/Go/godemo/gorm-demo/controller/register.go:31	请求数据	{"PostForm": "POST"}
[free]2023/02/08 - 10:55:55.112	[34minfo[0m	F:/Go/godemo/gorm-demo/controller/register.go:32	请求数据	{"PostForm": {"password":["000000"],"phone":["17663910224"],"username":["ac"]}}
[free]2023/02/08 - 11:18:24.159	[34minfo[0m	F:/Go/godemo/gorm-demo/controller/register.go:31	请求数据	{"PostForm": "POST"}
[free]2023/02/08 - 11:18:24.160	[34minfo[0m	F:/Go/godemo/gorm-demo/controller/register.go:32	请求数据	{"PostForm": {"password":["000000"],"phone":["17663910224"],"username":["ac"]}}
[free]2023/02/08 - 15:11:49.332	[34minfo[0m	F:/Go/godemo/gorm-demo/controller/register.go:30	请求数据	{"PostForm": {"Accept":["*/*"],"Accept-Encoding":["gzip, deflate, br"],"Connection":["keep-alive"],"Content-Length":["45"],"Content-Type":["application/x-www-form-urlencoded"],"User-Agent":["Apifox/1.0.0 (https://www.apifox.cn)"]}}
[free]2023/02/08 - 15:11:49.350	[34minfo[0m	F:/Go/godemo/gorm-demo/controller/register.go:31	请求数据	{"PostForm": "POST"}
[free]2023/02/08 - 15:11:49.351	[34minfo[0m	F:/Go/godemo/gorm-demo/controller/register.go:32	请求数据	{"PostForm": {"password":["000000"],"phone":["17663910224"],"username":["ac"]}}
[free]2023/02/08 - 15:13:21.287	[34minfo[0m	F:/Go/godemo/gorm-demo/controller/register.go:30	请求数据	{"PostForm": {"Accept":["*/*"],"Accept-Encoding":["gzip, deflate, br"],"Connection":["keep-alive"],"Content-Length":["45"],"Content-Type":["application/x-www-form-urlencoded"],"User-Agent":["Apifox/1.0.0 (https://www.apifox.cn)"]}}
[free]2023/02/08 - 15:13:21.306	[34minfo[0m	F:/Go/godemo/gorm-demo/controller/register.go:31	请求数据	{"PostForm": "POST"}
[free]2023/02/08 - 15:13:21.306	[34minfo[0m	F:/Go/godemo/gorm-demo/controller/register.go:32	请求数据	{"PostForm": {"password":["000000"],"phone":["17663910224"],"username":["ac"]}}
[free]2023/02/08 - 15:13:21.307	[34minfo[0m	F:/Go/godemo/gorm-demo/controller/register.go:33	请求数据	{"PostFormError": "json: unsupported type: func(string) string"}
[free]2023/02/08 - 15:14:32.806	[34minfo[0m	F:/Go/godemo/gorm-demo/controller/register.go:30	请求数据	{"PostForm": {"Accept":["*/*"],"Accept-Encoding":["gzip, deflate, br"],"Connection":["keep-alive"],"Content-Length":["45"],"Content-Type":["application/x-www-form-urlencoded"],"User-Agent":["Apifox/1.0.0 (https://www.apifox.cn)"]}}
[free]2023/02/08 - 15:14:32.823	[34minfo[0m	F:/Go/godemo/gorm-demo/controller/register.go:31	请求数据	{"PostForm": "POST"}
[free]2023/02/08 - 15:14:32.824	[34minfo[0m	F:/Go/godemo/gorm-demo/controller/register.go:32	请求数据	{"PostForm": {"password":["000000"],"phone":["17663910224"],"username":["ac"]}}
[free]2023/02/08 - 15:14:32.824	[34minfo[0m	F:/Go/godemo/gorm-demo/controller/register.go:33	请求数据	{"PostForm": "ac"}
[free]2023/02/08 - 15:30:58.168	[34minfo[0m	F:/Go/godemo/gorm-demo/controller/register.go:30	请求数据	{"PostForm": {"Accept":["application/json, text/plain, */*"],"Accept-Encoding":["gzip, deflate, br"],"Accept-Language":["zh-CN,zh;q=0.9"],"Connection":["close"],"Content-Length":["69"],"Content-Type":["application/json"],"Origin":["http://localhost:8998"],"Referer":["http://localhost:8998/"],"Sec-Fetch-Dest":["empty"],"Sec-Fetch-Mode":["cors"],"Sec-Fetch-Site":["same-origin"],"User-Agent":["Mozilla/5.0 (iPhone; CPU iPhone OS 13_2_3 like Mac OS X) AppleWebKit/605.1.15 (KHTML, like Gecko) Version/13.0.3 Mobile/15E148 Safari/604.1"]}}
[free]2023/02/08 - 15:30:58.190	[34minfo[0m	F:/Go/godemo/gorm-demo/controller/register.go:31	请求数据	{"PostForm": "POST"}
[free]2023/02/08 - 15:30:58.190	[34minfo[0m	F:/Go/godemo/gorm-demo/controller/register.go:32	请求数据	{"PostForm": {}}
[free]2023/02/08 - 15:30:58.191	[34minfo[0m	F:/Go/godemo/gorm-demo/controller/register.go:33	请求数据	{"PostForm": ""}
[free]2023/02/08 - 15:37:01.932	[34minfo[0m	F:/Go/godemo/gorm-demo/controller/register.go:32	请求数据	{"PostForm": {"Accept":["application/json, text/plain, */*"],"Accept-Encoding":["gzip, deflate, br"],"Accept-Language":["zh-CN,zh;q=0.9"],"Connection":["close"],"Content-Length":["63"],"Content-Type":["application/json"],"Origin":["http://localhost:8998"],"Referer":["http://localhost:8998/"],"Sec-Fetch-Dest":["empty"],"Sec-Fetch-Mode":["cors"],"Sec-Fetch-Site":["same-origin"],"User-Agent":["Mozilla/5.0 (iPhone; CPU iPhone OS 13_2_3 like Mac OS X) AppleWebKit/605.1.15 (KHTML, like Gecko) Version/13.0.3 Mobile/15E148 Safari/604.1"]}}
[free]2023/02/08 - 15:37:01.934	[34minfo[0m	F:/Go/godemo/gorm-demo/controller/register.go:33	请求数据	{"PostForm": "POST"}
[free]2023/02/08 - 15:37:01.935	[34minfo[0m	F:/Go/godemo/gorm-demo/controller/register.go:34	请求数据	{"PostForm": null}
[free]2023/02/08 - 15:37:01.936	[34minfo[0m	F:/Go/godemo/gorm-demo/controller/register.go:35	请求数据	{"PostForm": {"userName":"","phone":1}}
[free]2023/02/08 - 15:37:05.908	[34minfo[0m	F:/Go/godemo/gorm-demo/controller/register.go:32	请求数据	{"PostForm": {"Accept":["application/json, text/plain, */*"],"Accept-Encoding":["gzip, deflate, br"],"Accept-Language":["zh-CN,zh;q=0.9"],"Connection":["close"],"Content-Length":["63"],"Content-Type":["application/json"],"Origin":["http://localhost:8998"],"Referer":["http://localhost:8998/"],"Sec-Fetch-Dest":["empty"],"Sec-Fetch-Mode":["cors"],"Sec-Fetch-Site":["same-origin"],"User-Agent":["Mozilla/5.0 (iPhone; CPU iPhone OS 13_2_3 like Mac OS X) AppleWebKit/605.1.15 (KHTML, like Gecko) Version/13.0.3 Mobile/15E148 Safari/604.1"]}}
[free]2023/02/08 - 15:37:05.911	[34minfo[0m	F:/Go/godemo/gorm-demo/controller/register.go:33	请求数据	{"PostForm": "POST"}
[free]2023/02/08 - 15:37:05.913	[34minfo[0m	F:/Go/godemo/gorm-demo/controller/register.go:34	请求数据	{"PostForm": null}
[free]2023/02/08 - 15:37:05.913	[34minfo[0m	F:/Go/godemo/gorm-demo/controller/register.go:35	请求数据	{"PostForm": {"userName":"","phone":1}}
[free]2023/02/08 - 15:38:33.502	[34minfo[0m	F:/Go/godemo/gorm-demo/controller/register.go:32	请求数据	{"PostForm": {"Accept":["*/*"],"Accept-Encoding":["gzip, deflate, br"],"Connection":["keep-alive"],"Content-Length":["117"],"Content-Type":["application/json"],"User-Agent":["Apifox/1.0.0 (https://www.apifox.cn)"]}}
[free]2023/02/08 - 15:38:33.520	[34minfo[0m	F:/Go/godemo/gorm-demo/controller/register.go:33	请求数据	{"PostForm": "POST"}
[free]2023/02/08 - 15:38:33.521	[34minfo[0m	F:/Go/godemo/gorm-demo/controller/register.go:34	请求数据	{"PostForm": null}
[free]2023/02/08 - 15:38:33.522	[34minfo[0m	F:/Go/godemo/gorm-demo/controller/register.go:35	请求数据	{"PostForm": {"userName":"ac","phone":15500000001}}
[free]2023/02/08 - 15:39:20.402	[34minfo[0m	F:/Go/godemo/gorm-demo/controller/register.go:32	请求数据	{"Header": {"Accept":["application/json, text/plain, */*"],"Accept-Encoding":["gzip, deflate, br"],"Accept-Language":["zh-CN,zh;q=0.9"],"Connection":["close"],"Content-Length":["63"],"Content-Type":["application/json"],"Origin":["http://localhost:8998"],"Referer":["http://localhost:8998/"],"Sec-Fetch-Dest":["empty"],"Sec-Fetch-Mode":["cors"],"Sec-Fetch-Site":["same-origin"],"User-Agent":["Mozilla/5.0 (iPhone; CPU iPhone OS 13_2_3 like Mac OS X) AppleWebKit/605.1.15 (KHTML, like Gecko) Version/13.0.3 Mobile/15E148 Safari/604.1"]}}
[free]2023/02/08 - 15:39:20.423	[34minfo[0m	F:/Go/godemo/gorm-demo/controller/register.go:33	请求数据	{"Method": "POST"}
[free]2023/02/08 - 15:39:20.424	[34minfo[0m	F:/Go/godemo/gorm-demo/controller/register.go:34	请求数据	{"PostForm": {"userName":"","phone":1}}
[free]2023/02/08 - 15:39:28.309	[34minfo[0m	F:/Go/godemo/gorm-demo/controller/register.go:32	请求数据	{"Header": {"Accept":["*/*"],"Accept-Encoding":["gzip, deflate, br"],"Connection":["keep-alive"],"Content-Length":["117"],"Content-Type":["application/json"],"User-Agent":["Apifox/1.0.0 (https://www.apifox.cn)"]}}
[free]2023/02/08 - 15:39:28.310	[34minfo[0m	F:/Go/godemo/gorm-demo/controller/register.go:33	请求数据	{"Method": "POST"}
[free]2023/02/08 - 15:39:28.311	[34minfo[0m	F:/Go/godemo/gorm-demo/controller/register.go:34	请求数据	{"PostForm": {"userName":"ac","phone":15500000001}}
[free]2023/02/08 - 15:40:19.475	[34minfo[0m	F:/Go/godemo/gorm-demo/controller/register.go:32	请求数据	{"Header": {"Accept":["*/*"],"Accept-Encoding":["gzip, deflate, br"],"Connection":["keep-alive"],"Content-Length":["117"],"Content-Type":["application/json"],"User-Agent":["Apifox/1.0.0 (https://www.apifox.cn)"]}}
[free]2023/02/08 - 15:40:19.476	[34minfo[0m	F:/Go/godemo/gorm-demo/controller/register.go:33	请求数据	{"Method": "POST"}
[free]2023/02/08 - 15:40:19.477	[34minfo[0m	F:/Go/godemo/gorm-demo/controller/register.go:34	请求数据	{"PostForm": {"userName":"ac","phone":15500000001}}
[free]2023/02/08 - 15:43:36.044	[34minfo[0m	F:/Go/godemo/gorm-demo/controller/register.go:36	请求数据	{"Header": {"Accept":["*/*"],"Accept-Encoding":["gzip, deflate, br"],"Connection":["keep-alive"],"Content-Length":["117"],"Content-Type":["application/json"],"User-Agent":["Apifox/1.0.0 (https://www.apifox.cn)"]}}
[free]2023/02/08 - 15:43:36.063	[34minfo[0m	F:/Go/godemo/gorm-demo/controller/register.go:37	请求数据	{"Method": "POST"}
[free]2023/02/08 - 15:43:36.064	[34minfo[0m	F:/Go/godemo/gorm-demo/controller/register.go:38	请求数据	{"PostForm": {"userName":"ac","phone":15500000001}}
[free]2023/02/08 - 15:47:17.391	[34minfo[0m	F:/Go/godemo/gorm-demo/controller/register.go:36	请求数据	{"Header": {"Accept":["*/*"],"Accept-Encoding":["gzip, deflate, br"],"Connection":["keep-alive"],"Content-Length":["117"],"Content-Type":["application/json"],"User-Agent":["Apifox/1.0.0 (https://www.apifox.cn)"]}}
[free]2023/02/08 - 15:47:17.408	[34minfo[0m	F:/Go/godemo/gorm-demo/controller/register.go:37	请求数据	{"Method": "POST"}
[free]2023/02/08 - 15:47:17.408	[34minfo[0m	F:/Go/godemo/gorm-demo/controller/register.go:38	请求数据	{"PostForm": {"userName":"ac","phone":15500000001}}
[free]2023/02/08 - 15:48:32.030	[34minfo[0m	F:/Go/godemo/gorm-demo/controller/register.go:36	请求数据	{"Header": {"Accept":["*/*"],"Accept-Encoding":["gzip, deflate, br"],"Connection":["keep-alive"],"Content-Length":["117"],"Content-Type":["application/json"],"User-Agent":["Apifox/1.0.0 (https://www.apifox.cn)"]}}
[free]2023/02/08 - 15:48:32.047	[34minfo[0m	F:/Go/godemo/gorm-demo/controller/register.go:37	请求数据	{"Method": "POST"}
[free]2023/02/08 - 15:48:32.048	[34minfo[0m	F:/Go/godemo/gorm-demo/controller/register.go:38	请求数据	{"PostForm": {"userName":"ac","phone":15500000001}}
[free]2023/02/08 - 15:52:22.508	[34minfo[0m	F:/Go/godemo/gorm-demo/controller/register.go:36	请求数据	{"Header": {"Accept":["*/*"],"Accept-Encoding":["gzip, deflate, br"],"Connection":["keep-alive"],"Content-Length":["117"],"Content-Type":["application/json"],"User-Agent":["Apifox/1.0.0 (https://www.apifox.cn)"]}}
[free]2023/02/08 - 15:52:22.526	[34minfo[0m	F:/Go/godemo/gorm-demo/controller/register.go:37	请求数据	{"Method": "POST"}
[free]2023/02/08 - 15:52:22.527	[34minfo[0m	F:/Go/godemo/gorm-demo/controller/register.go:38	请求数据	{"PostForm": {"userName":"ac","phone":15500000001}}
[free]2023/02/08 - 15:58:52.726	[34minfo[0m	F:/Go/godemo/gorm-demo/controller/register.go:36	请求数据	{"Header": {"Accept":["application/json, text/plain, */*"],"Accept-Encoding":["gzip, deflate, br"],"Accept-Language":["zh-CN,zh;q=0.9"],"Connection":["close"],"Content-Length":["63"],"Content-Type":["application/json"],"Origin":["http://localhost:8998"],"Referer":["http://localhost:8998/"],"Sec-Fetch-Dest":["empty"],"Sec-Fetch-Mode":["cors"],"Sec-Fetch-Site":["same-origin"],"User-Agent":["Mozilla/5.0 (iPhone; CPU iPhone OS 13_2_3 like Mac OS X) AppleWebKit/605.1.15 (KHTML, like Gecko) Version/13.0.3 Mobile/15E148 Safari/604.1"]}}
[free]2023/02/08 - 15:58:52.734	[34minfo[0m	F:/Go/godemo/gorm-demo/controller/register.go:37	请求数据	{"Method": "POST"}
[free]2023/02/08 - 15:58:52.736	[34minfo[0m	F:/Go/godemo/gorm-demo/controller/register.go:38	请求数据	{"PostForm": {"userName":"","phone":1}}
[free]2023/02/08 - 15:58:59.833	[34minfo[0m	F:/Go/godemo/gorm-demo/controller/register.go:36	请求数据	{"Header": {"Accept":["application/json, text/plain, */*"],"Accept-Encoding":["gzip, deflate, br"],"Accept-Language":["zh-CN,zh;q=0.9"],"Connection":["close"],"Content-Length":["63"],"Content-Type":["application/json"],"Origin":["http://localhost:8998"],"Referer":["http://localhost:8998/"],"Sec-Fetch-Dest":["empty"],"Sec-Fetch-Mode":["cors"],"Sec-Fetch-Site":["same-origin"],"User-Agent":["Mozilla/5.0 (iPhone; CPU iPhone OS 13_2_3 like Mac OS X) AppleWebKit/605.1.15 (KHTML, like Gecko) Version/13.0.3 Mobile/15E148 Safari/604.1"]}}
[free]2023/02/08 - 15:58:59.835	[34minfo[0m	F:/Go/godemo/gorm-demo/controller/register.go:37	请求数据	{"Method": "POST"}
[free]2023/02/08 - 15:58:59.837	[34minfo[0m	F:/Go/godemo/gorm-demo/controller/register.go:38	请求数据	{"PostForm": {"userName":"","phone":1}}
[free]2023/02/08 - 16:00:27.431	[34minfo[0m	F:/Go/godemo/gorm-demo/controller/register.go:36	请求数据	{"Header": {"Accept":["application/json, text/plain, */*"],"Accept-Encoding":["gzip, deflate, br"],"Accept-Language":["zh-CN,zh;q=0.9"],"Connection":["close"],"Content-Length":["63"],"Content-Type":["application/json"],"Origin":["http://localhost:8998"],"Referer":["http://localhost:8998/"],"Sec-Fetch-Dest":["empty"],"Sec-Fetch-Mode":["cors"],"Sec-Fetch-Site":["same-origin"],"User-Agent":["Mozilla/5.0 (iPhone; CPU iPhone OS 13_2_3 like Mac OS X) AppleWebKit/605.1.15 (KHTML, like Gecko) Version/13.0.3 Mobile/15E148 Safari/604.1"]}}
[free]2023/02/08 - 16:00:27.433	[34minfo[0m	F:/Go/godemo/gorm-demo/controller/register.go:37	请求数据	{"Method": "POST"}
[free]2023/02/08 - 16:00:27.433	[34minfo[0m	F:/Go/godemo/gorm-demo/controller/register.go:38	请求数据	{"PostForm": {"userName":"","phone":1}}
[free]2023/02/08 - 17:34:08.787	[34minfo[0m	F:/Go/godemo/gorm-demo/controller/register.go:35	请求数据	{"Header": {"Accept":["*/*"],"Accept-Encoding":["gzip, deflate, br"],"Connection":["keep-alive"],"Content-Length":["117"],"Content-Type":["application/json"],"User-Agent":["Apifox/1.0.0 (https://www.apifox.cn)"]}}
[free]2023/02/08 - 17:34:08.804	[34minfo[0m	F:/Go/godemo/gorm-demo/controller/register.go:36	请求数据	{"Method": "POST"}
[free]2023/02/08 - 17:34:08.805	[34minfo[0m	F:/Go/godemo/gorm-demo/controller/register.go:37	请求数据	{"PostForm": {"userName":"ac","phone":15500000001,"password":"000000"}}
[free]2023/02/08 - 17:54:08.463	[34minfo[0m	F:/Go/godemo/gorm-demo/controller/register.go:36	请求数据	{"Header": {"Accept":["*/*"],"Accept-Encoding":["gzip, deflate, br"],"Connection":["keep-alive"],"Content-Length":["117"],"Content-Type":["application/json"],"User-Agent":["Apifox/1.0.0 (https://www.apifox.cn)"]}}
[free]2023/02/08 - 17:54:08.494	[34minfo[0m	F:/Go/godemo/gorm-demo/controller/register.go:37	请求数据	{"Method": "POST"}
[free]2023/02/08 - 17:54:08.494	[34minfo[0m	F:/Go/godemo/gorm-demo/controller/register.go:38	请求数据	{"PostForm": {"userName":"ac","phone":15500000001,"password":"000000"}}
[free]2023/02/08 - 17:55:32.250	[34minfo[0m	F:/Go/godemo/gorm-demo/controller/register.go:36	请求数据	{"Header": {"Accept":["*/*"],"Accept-Encoding":["gzip, deflate, br"],"Authorization":[""],"Connection":["keep-alive"],"Content-Length":["117"],"Content-Type":["application/json"],"User-Agent":["Apifox/1.0.0 (https://www.apifox.cn)"]}}
[free]2023/02/08 - 17:55:32.251	[34minfo[0m	F:/Go/godemo/gorm-demo/controller/register.go:37	请求数据	{"Method": "POST"}
[free]2023/02/08 - 17:55:32.251	[34minfo[0m	F:/Go/godemo/gorm-demo/controller/register.go:38	请求数据	{"PostForm": {"userName":"ac","phone":15500000001,"password":"000000"}}
[free]2023/02/08 - 17:55:40.431	[34minfo[0m	F:/Go/godemo/gorm-demo/controller/register.go:36	请求数据	{"Header": {"Accept":["*/*"],"Accept-Encoding":["gzip, deflate, br"],"Authorization":[""],"Connection":["keep-alive"],"Content-Length":["117"],"Content-Type":["application/xml"],"User-Agent":["Apifox/1.0.0 (https://www.apifox.cn)"]}}
[free]2023/02/08 - 17:55:40.432	[34minfo[0m	F:/Go/godemo/gorm-demo/controller/register.go:37	请求数据	{"Method": "POST"}
[free]2023/02/08 - 17:55:40.433	[34minfo[0m	F:/Go/godemo/gorm-demo/controller/register.go:38	请求数据	{"PostForm": {"userName":"ac","phone":15500000001,"password":"000000"}}
[free]2023/02/08 - 17:55:47.336	[34minfo[0m	F:/Go/godemo/gorm-demo/controller/register.go:36	请求数据	{"Header": {"Accept":["*/*"],"Accept-Encoding":["gzip, deflate, br"],"Authorization":[""],"Connection":["keep-alive"],"Content-Length":["117"],"Content-Type":["application/json"],"User-Agent":["Apifox/1.0.0 (https://www.apifox.cn)"]}}
[free]2023/02/08 - 17:55:47.337	[34minfo[0m	F:/Go/godemo/gorm-demo/controller/register.go:37	请求数据	{"Method": "POST"}
[free]2023/02/08 - 17:55:47.338	[34minfo[0m	F:/Go/godemo/gorm-demo/controller/register.go:38	请求数据	{"PostForm": {"userName":"ac","phone":15500000001,"password":"000000"}}
[free]2023/02/08 - 17:56:35.530	[34minfo[0m	F:/Go/godemo/gorm-demo/controller/register.go:36	请求数据	{"Header": {"Accept":["*/*"],"Accept-Encoding":["gzip, deflate, br"],"Authorization":["{{Authorization}}"],"Connection":["keep-alive"],"Content-Length":["117"],"Content-Type":["application/json"],"User-Agent":["Apifox/1.0.0 (https://www.apifox.cn)"]}}
[free]2023/02/08 - 17:56:35.531	[34minfo[0m	F:/Go/godemo/gorm-demo/controller/register.go:37	请求数据	{"Method": "POST"}
[free]2023/02/08 - 17:56:35.532	[34minfo[0m	F:/Go/godemo/gorm-demo/controller/register.go:38	请求数据	{"PostForm": {"userName":"ac","phone":15500000001,"password":"000000"}}
[free]2023/02/08 - 17:57:00.925	[34minfo[0m	F:/Go/godemo/gorm-demo/controller/register.go:36	请求数据	{"Header": {"Accept":["*/*"],"Accept-Encoding":["gzip, deflate, br"],"Authorization":["4654654sdf54sf6ew4fef"],"Connection":["keep-alive"],"Content-Length":["117"],"Content-Type":["application/json"],"User-Agent":["Apifox/1.0.0 (https://www.apifox.cn)"]}}
[free]2023/02/08 - 17:57:00.926	[34minfo[0m	F:/Go/godemo/gorm-demo/controller/register.go:37	请求数据	{"Method": "POST"}
[free]2023/02/08 - 17:57:00.927	[34minfo[0m	F:/Go/godemo/gorm-demo/controller/register.go:38	请求数据	{"PostForm": {"userName":"ac","phone":15500000001,"password":"000000"}}
[free]2023/02/08 - 20:37:59.625	[34minfo[0m	F:/Go/godemo/gorm-demo/controller/register.go:36	请求数据	{"Header": {"Accept":["application/json, text/plain, */*"],"Accept-Encoding":["gzip, deflate, br"],"Accept-Language":["zh-CN,zh;q=0.9"],"Connection":["close"],"Content-Length":["63"],"Content-Type":["application/json"],"Origin":["http://localhost:8998"],"Referer":["http://localhost:8998/"],"Sec-Ch-Ua":["\"Not_A Brand\";v=\"99\", \"Google Chrome\";v=\"109\", \"Chromium\";v=\"109\""],"Sec-Ch-Ua-Mobile":["?0"],"Sec-Ch-Ua-Platform":["\"Windows\""],"Sec-Fetch-Dest":["empty"],"Sec-Fetch-Mode":["cors"],"Sec-Fetch-Site":["same-origin"],"User-Agent":["Mozilla/5.0 (Windows NT 10.0; Win64; x64) AppleWebKit/537.36 (KHTML, like Gecko) Chrome/109.0.0.0 Safari/537.36"]}}
[free]2023/02/08 - 20:37:59.626	[34minfo[0m	F:/Go/godemo/gorm-demo/controller/register.go:37	请求数据	{"Method": "POST"}
[free]2023/02/08 - 20:37:59.627	[34minfo[0m	F:/Go/godemo/gorm-demo/controller/register.go:38	请求数据	{"PostForm": {"userName":"","phone":1,"password":""}}
[free]2023/02/08 - 20:38:05.990	[34minfo[0m	F:/Go/godemo/gorm-demo/controller/register.go:36	请求数据	{"Header": {"Accept":["application/json, text/plain, */*"],"Accept-Encoding":["gzip, deflate, br"],"Accept-Language":["zh-CN,zh;q=0.9"],"Connection":["close"],"Content-Length":["63"],"Content-Type":["application/json"],"Origin":["http://localhost:8998"],"Referer":["http://localhost:8998/"],"Sec-Fetch-Dest":["empty"],"Sec-Fetch-Mode":["cors"],"Sec-Fetch-Site":["same-origin"],"User-Agent":["Mozilla/5.0 (iPhone; CPU iPhone OS 13_2_3 like Mac OS X) AppleWebKit/605.1.15 (KHTML, like Gecko) Version/13.0.3 Mobile/15E148 Safari/604.1"]}}
[free]2023/02/08 - 20:38:05.991	[34minfo[0m	F:/Go/godemo/gorm-demo/controller/register.go:37	请求数据	{"Method": "POST"}
[free]2023/02/08 - 20:38:05.992	[34minfo[0m	F:/Go/godemo/gorm-demo/controller/register.go:38	请求数据	{"PostForm": {"userName":"","phone":1,"password":""}}
[free]2023/02/08 - 20:39:42.327	[34minfo[0m	F:/Go/godemo/gorm-demo/controller/register.go:36	请求数据	{"Header": {"Accept":["application/json, text/plain, */*"],"Accept-Encoding":["gzip, deflate, br"],"Accept-Language":["zh-CN,zh;q=0.9"],"Connection":["close"],"Content-Length":["63"],"Content-Type":["application/json"],"Origin":["http://localhost:8998"],"Referer":["http://localhost:8998/"],"Sec-Fetch-Dest":["empty"],"Sec-Fetch-Mode":["cors"],"Sec-Fetch-Site":["same-origin"],"User-Agent":["Mozilla/5.0 (iPhone; CPU iPhone OS 13_2_3 like Mac OS X) AppleWebKit/605.1.15 (KHTML, like Gecko) Version/13.0.3 Mobile/15E148 Safari/604.1"]}}
[free]2023/02/08 - 20:39:42.329	[34minfo[0m	F:/Go/godemo/gorm-demo/controller/register.go:37	请求数据	{"Method": "POST"}
[free]2023/02/08 - 20:39:42.329	[34minfo[0m	F:/Go/godemo/gorm-demo/controller/register.go:38	请求数据	{"PostForm": {"userName":"","phone":1,"password":""}}
[free]2023/02/08 - 20:39:43.583	[34minfo[0m	F:/Go/godemo/gorm-demo/controller/register.go:36	请求数据	{"Header": {"Accept":["application/json, text/plain, */*"],"Accept-Encoding":["gzip, deflate, br"],"Accept-Language":["zh-CN,zh;q=0.9"],"Connection":["close"],"Content-Length":["63"],"Content-Type":["application/json"],"Origin":["http://localhost:8998"],"Referer":["http://localhost:8998/"],"Sec-Fetch-Dest":["empty"],"Sec-Fetch-Mode":["cors"],"Sec-Fetch-Site":["same-origin"],"User-Agent":["Mozilla/5.0 (iPhone; CPU iPhone OS 13_2_3 like Mac OS X) AppleWebKit/605.1.15 (KHTML, like Gecko) Version/13.0.3 Mobile/15E148 Safari/604.1"]}}
[free]2023/02/08 - 20:39:43.584	[34minfo[0m	F:/Go/godemo/gorm-demo/controller/register.go:37	请求数据	{"Method": "POST"}
[free]2023/02/08 - 20:39:43.585	[34minfo[0m	F:/Go/godemo/gorm-demo/controller/register.go:38	请求数据	{"PostForm": {"userName":"","phone":1,"password":""}}
[free]2023/02/08 - 20:39:47.299	[34minfo[0m	F:/Go/godemo/gorm-demo/controller/register.go:36	请求数据	{"Header": {"Accept":["application/json, text/plain, */*"],"Accept-Encoding":["gzip, deflate, br"],"Accept-Language":["zh-CN,zh;q=0.9"],"Connection":["close"],"Content-Length":["63"],"Content-Type":["application/json"],"Origin":["http://localhost:8998"],"Referer":["http://localhost:8998/"],"Sec-Fetch-Dest":["empty"],"Sec-Fetch-Mode":["cors"],"Sec-Fetch-Site":["same-origin"],"User-Agent":["Mozilla/5.0 (iPhone; CPU iPhone OS 13_2_3 like Mac OS X) AppleWebKit/605.1.15 (KHTML, like Gecko) Version/13.0.3 Mobile/15E148 Safari/604.1"]}}
[free]2023/02/08 - 20:39:47.300	[34minfo[0m	F:/Go/godemo/gorm-demo/controller/register.go:37	请求数据	{"Method": "POST"}
[free]2023/02/08 - 20:39:47.301	[34minfo[0m	F:/Go/godemo/gorm-demo/controller/register.go:38	请求数据	{"PostForm": {"userName":"","phone":1,"password":""}}
[free]2023/02/08 - 20:39:48.077	[34minfo[0m	F:/Go/godemo/gorm-demo/controller/register.go:36	请求数据	{"Header": {"Accept":["application/json, text/plain, */*"],"Accept-Encoding":["gzip, deflate, br"],"Accept-Language":["zh-CN,zh;q=0.9"],"Connection":["close"],"Content-Length":["63"],"Content-Type":["application/json"],"Origin":["http://localhost:8998"],"Referer":["http://localhost:8998/"],"Sec-Fetch-Dest":["empty"],"Sec-Fetch-Mode":["cors"],"Sec-Fetch-Site":["same-origin"],"User-Agent":["Mozilla/5.0 (iPhone; CPU iPhone OS 13_2_3 like Mac OS X) AppleWebKit/605.1.15 (KHTML, like Gecko) Version/13.0.3 Mobile/15E148 Safari/604.1"]}}
[free]2023/02/08 - 20:39:48.078	[34minfo[0m	F:/Go/godemo/gorm-demo/controller/register.go:37	请求数据	{"Method": "POST"}
[free]2023/02/08 - 20:39:48.079	[34minfo[0m	F:/Go/godemo/gorm-demo/controller/register.go:38	请求数据	{"PostForm": {"userName":"","phone":1,"password":""}}
[free]2023/02/08 - 20:40:19.488	[34minfo[0m	F:/Go/godemo/gorm-demo/controller/register.go:36	请求数据	{"Header": {"Accept":["application/json, text/plain, */*"],"Accept-Encoding":["gzip, deflate, br"],"Accept-Language":["zh-CN,zh;q=0.9"],"Connection":["close"],"Content-Length":["63"],"Content-Type":["application/json"],"Origin":["http://localhost:8998"],"Referer":["http://localhost:8998/"],"Sec-Fetch-Dest":["empty"],"Sec-Fetch-Mode":["cors"],"Sec-Fetch-Site":["same-origin"],"User-Agent":["Mozilla/5.0 (iPhone; CPU iPhone OS 13_2_3 like Mac OS X) AppleWebKit/605.1.15 (KHTML, like Gecko) Version/13.0.3 Mobile/15E148 Safari/604.1"]}}
[free]2023/02/08 - 20:40:19.491	[34minfo[0m	F:/Go/godemo/gorm-demo/controller/register.go:37	请求数据	{"Method": "POST"}
[free]2023/02/08 - 20:40:19.491	[34minfo[0m	F:/Go/godemo/gorm-demo/controller/register.go:38	请求数据	{"PostForm": {"userName":"","phone":1,"password":""}}
[free]2023/02/08 - 20:40:19.844	[34minfo[0m	F:/Go/godemo/gorm-demo/controller/register.go:36	请求数据	{"Header": {"Accept":["application/json, text/plain, */*"],"Accept-Encoding":["gzip, deflate, br"],"Accept-Language":["zh-CN,zh;q=0.9"],"Connection":["close"],"Content-Length":["63"],"Content-Type":["application/json"],"Origin":["http://localhost:8998"],"Referer":["http://localhost:8998/"],"Sec-Fetch-Dest":["empty"],"Sec-Fetch-Mode":["cors"],"Sec-Fetch-Site":["same-origin"],"User-Agent":["Mozilla/5.0 (iPhone; CPU iPhone OS 13_2_3 like Mac OS X) AppleWebKit/605.1.15 (KHTML, like Gecko) Version/13.0.3 Mobile/15E148 Safari/604.1"]}}
[free]2023/02/08 - 20:40:19.845	[34minfo[0m	F:/Go/godemo/gorm-demo/controller/register.go:37	请求数据	{"Method": "POST"}
[free]2023/02/08 - 20:40:19.846	[34minfo[0m	F:/Go/godemo/gorm-demo/controller/register.go:38	请求数据	{"PostForm": {"userName":"","phone":1,"password":""}}
[free]2023/02/08 - 20:40:21.206	[34minfo[0m	F:/Go/godemo/gorm-demo/controller/register.go:36	请求数据	{"Header": {"Accept":["application/json, text/plain, */*"],"Accept-Encoding":["gzip, deflate, br"],"Accept-Language":["zh-CN,zh;q=0.9"],"Connection":["close"],"Content-Length":["63"],"Content-Type":["application/json"],"Origin":["http://localhost:8998"],"Referer":["http://localhost:8998/"],"Sec-Fetch-Dest":["empty"],"Sec-Fetch-Mode":["cors"],"Sec-Fetch-Site":["same-origin"],"User-Agent":["Mozilla/5.0 (iPhone; CPU iPhone OS 13_2_3 like Mac OS X) AppleWebKit/605.1.15 (KHTML, like Gecko) Version/13.0.3 Mobile/15E148 Safari/604.1"]}}
[free]2023/02/08 - 20:40:21.208	[34minfo[0m	F:/Go/godemo/gorm-demo/controller/register.go:37	请求数据	{"Method": "POST"}
[free]2023/02/08 - 20:40:21.210	[34minfo[0m	F:/Go/godemo/gorm-demo/controller/register.go:38	请求数据	{"PostForm": {"userName":"","phone":1,"password":""}}
[free]2023/02/08 - 20:40:22.106	[34minfo[0m	F:/Go/godemo/gorm-demo/controller/register.go:36	请求数据	{"Header": {"Accept":["application/json, text/plain, */*"],"Accept-Encoding":["gzip, deflate, br"],"Accept-Language":["zh-CN,zh;q=0.9"],"Connection":["close"],"Content-Length":["63"],"Content-Type":["application/json"],"Origin":["http://localhost:8998"],"Referer":["http://localhost:8998/"],"Sec-Fetch-Dest":["empty"],"Sec-Fetch-Mode":["cors"],"Sec-Fetch-Site":["same-origin"],"User-Agent":["Mozilla/5.0 (iPhone; CPU iPhone OS 13_2_3 like Mac OS X) AppleWebKit/605.1.15 (KHTML, like Gecko) Version/13.0.3 Mobile/15E148 Safari/604.1"]}}
[free]2023/02/08 - 20:40:22.107	[34minfo[0m	F:/Go/godemo/gorm-demo/controller/register.go:37	请求数据	{"Method": "POST"}
[free]2023/02/08 - 20:40:22.108	[34minfo[0m	F:/Go/godemo/gorm-demo/controller/register.go:38	请求数据	{"PostForm": {"userName":"","phone":1,"password":""}}
[free]2023/02/08 - 20:41:03.220	[34minfo[0m	F:/Go/godemo/gorm-demo/controller/register.go:36	请求数据	{"Header": {"Accept":["application/json, text/plain, */*"],"Accept-Encoding":["gzip, deflate, br"],"Accept-Language":["zh-CN,zh;q=0.9"],"Connection":["close"],"Content-Length":["63"],"Content-Type":["application/json"],"Origin":["http://localhost:8998"],"Referer":["http://localhost:8998/"],"Sec-Fetch-Dest":["empty"],"Sec-Fetch-Mode":["cors"],"Sec-Fetch-Site":["same-origin"],"User-Agent":["Mozilla/5.0 (iPhone; CPU iPhone OS 13_2_3 like Mac OS X) AppleWebKit/605.1.15 (KHTML, like Gecko) Version/13.0.3 Mobile/15E148 Safari/604.1"]}}
[free]2023/02/08 - 20:41:03.223	[34minfo[0m	F:/Go/godemo/gorm-demo/controller/register.go:37	请求数据	{"Method": "POST"}
[free]2023/02/08 - 20:41:03.228	[34minfo[0m	F:/Go/godemo/gorm-demo/controller/register.go:38	请求数据	{"PostForm": {"userName":"","phone":1,"password":""}}
[free]2023/02/08 - 20:41:04.267	[34minfo[0m	F:/Go/godemo/gorm-demo/controller/register.go:36	请求数据	{"Header": {"Accept":["application/json, text/plain, */*"],"Accept-Encoding":["gzip, deflate, br"],"Accept-Language":["zh-CN,zh;q=0.9"],"Connection":["close"],"Content-Length":["63"],"Content-Type":["application/json"],"Origin":["http://localhost:8998"],"Referer":["http://localhost:8998/"],"Sec-Fetch-Dest":["empty"],"Sec-Fetch-Mode":["cors"],"Sec-Fetch-Site":["same-origin"],"User-Agent":["Mozilla/5.0 (iPhone; CPU iPhone OS 13_2_3 like Mac OS X) AppleWebKit/605.1.15 (KHTML, like Gecko) Version/13.0.3 Mobile/15E148 Safari/604.1"]}}
[free]2023/02/08 - 20:41:04.268	[34minfo[0m	F:/Go/godemo/gorm-demo/controller/register.go:37	请求数据	{"Method": "POST"}
[free]2023/02/08 - 20:41:04.268	[34minfo[0m	F:/Go/godemo/gorm-demo/controller/register.go:38	请求数据	{"PostForm": {"userName":"","phone":1,"password":""}}
[free]2023/02/08 - 20:41:05.219	[34minfo[0m	F:/Go/godemo/gorm-demo/controller/register.go:36	请求数据	{"Header": {"Accept":["application/json, text/plain, */*"],"Accept-Encoding":["gzip, deflate, br"],"Accept-Language":["zh-CN,zh;q=0.9"],"Connection":["close"],"Content-Length":["63"],"Content-Type":["application/json"],"Origin":["http://localhost:8998"],"Referer":["http://localhost:8998/"],"Sec-Fetch-Dest":["empty"],"Sec-Fetch-Mode":["cors"],"Sec-Fetch-Site":["same-origin"],"User-Agent":["Mozilla/5.0 (iPhone; CPU iPhone OS 13_2_3 like Mac OS X) AppleWebKit/605.1.15 (KHTML, like Gecko) Version/13.0.3 Mobile/15E148 Safari/604.1"]}}
[free]2023/02/08 - 20:41:05.221	[34minfo[0m	F:/Go/godemo/gorm-demo/controller/register.go:37	请求数据	{"Method": "POST"}
[free]2023/02/08 - 20:41:05.221	[34minfo[0m	F:/Go/godemo/gorm-demo/controller/register.go:38	请求数据	{"PostForm": {"userName":"","phone":1,"password":""}}
[free]2023/02/08 - 20:41:27.893	[34minfo[0m	F:/Go/godemo/gorm-demo/controller/register.go:36	请求数据	{"Header": {"Accept":["application/json, text/plain, */*"],"Accept-Encoding":["gzip, deflate, br"],"Accept-Language":["zh-CN,zh;q=0.9"],"Connection":["close"],"Content-Length":["63"],"Content-Type":["application/json"],"Origin":["http://localhost:8998"],"Referer":["http://localhost:8998/"],"Sec-Fetch-Dest":["empty"],"Sec-Fetch-Mode":["cors"],"Sec-Fetch-Site":["same-origin"],"User-Agent":["Mozilla/5.0 (iPhone; CPU iPhone OS 13_2_3 like Mac OS X) AppleWebKit/605.1.15 (KHTML, like Gecko) Version/13.0.3 Mobile/15E148 Safari/604.1"]}}
[free]2023/02/08 - 20:41:27.895	[34minfo[0m	F:/Go/godemo/gorm-demo/controller/register.go:37	请求数据	{"Method": "POST"}
[free]2023/02/08 - 20:41:27.896	[34minfo[0m	F:/Go/godemo/gorm-demo/controller/register.go:38	请求数据	{"PostForm": {"userName":"","phone":1,"password":""}}
[free]2023/02/08 - 20:41:31.560	[34minfo[0m	F:/Go/godemo/gorm-demo/controller/register.go:36	请求数据	{"Header": {"Accept":["application/json, text/plain, */*"],"Accept-Encoding":["gzip, deflate, br"],"Accept-Language":["zh-CN,zh;q=0.9"],"Connection":["close"],"Content-Length":["63"],"Content-Type":["application/json"],"Origin":["http://localhost:8998"],"Referer":["http://localhost:8998/"],"Sec-Fetch-Dest":["empty"],"Sec-Fetch-Mode":["cors"],"Sec-Fetch-Site":["same-origin"],"User-Agent":["Mozilla/5.0 (iPhone; CPU iPhone OS 13_2_3 like Mac OS X) AppleWebKit/605.1.15 (KHTML, like Gecko) Version/13.0.3 Mobile/15E148 Safari/604.1"]}}
[free]2023/02/08 - 20:41:31.562	[34minfo[0m	F:/Go/godemo/gorm-demo/controller/register.go:37	请求数据	{"Method": "POST"}
[free]2023/02/08 - 20:41:31.563	[34minfo[0m	F:/Go/godemo/gorm-demo/controller/register.go:38	请求数据	{"PostForm": {"userName":"","phone":1,"password":""}}
[free]2023/02/08 - 20:41:40.876	[34minfo[0m	F:/Go/godemo/gorm-demo/controller/register.go:36	请求数据	{"Header": {"Accept":["application/json, text/plain, */*"],"Accept-Encoding":["gzip, deflate, br"],"Accept-Language":["zh-CN,zh;q=0.9"],"Connection":["close"],"Content-Length":["63"],"Content-Type":["application/json"],"Origin":["http://localhost:8998"],"Referer":["http://localhost:8998/"],"Sec-Fetch-Dest":["empty"],"Sec-Fetch-Mode":["cors"],"Sec-Fetch-Site":["same-origin"],"User-Agent":["Mozilla/5.0 (iPhone; CPU iPhone OS 13_2_3 like Mac OS X) AppleWebKit/605.1.15 (KHTML, like Gecko) Version/13.0.3 Mobile/15E148 Safari/604.1"]}}
[free]2023/02/08 - 20:41:40.878	[34minfo[0m	F:/Go/godemo/gorm-demo/controller/register.go:37	请求数据	{"Method": "POST"}
[free]2023/02/08 - 20:41:40.878	[34minfo[0m	F:/Go/godemo/gorm-demo/controller/register.go:38	请求数据	{"PostForm": {"userName":"","phone":1,"password":""}}
[free]2023/02/08 - 20:42:03.795	[34minfo[0m	F:/Go/godemo/gorm-demo/controller/register.go:36	请求数据	{"Header": {"Accept":["application/json, text/plain, */*"],"Accept-Encoding":["gzip, deflate, br"],"Accept-Language":["zh-CN,zh;q=0.9"],"Connection":["close"],"Content-Length":["63"],"Content-Type":["application/json"],"Origin":["http://localhost:8998"],"Referer":["http://localhost:8998/"],"Sec-Fetch-Dest":["empty"],"Sec-Fetch-Mode":["cors"],"Sec-Fetch-Site":["same-origin"],"User-Agent":["Mozilla/5.0 (iPhone; CPU iPhone OS 13_2_3 like Mac OS X) AppleWebKit/605.1.15 (KHTML, like Gecko) Version/13.0.3 Mobile/15E148 Safari/604.1"]}}
[free]2023/02/08 - 20:42:03.798	[34minfo[0m	F:/Go/godemo/gorm-demo/controller/register.go:37	请求数据	{"Method": "POST"}
[free]2023/02/08 - 20:42:03.800	[34minfo[0m	F:/Go/godemo/gorm-demo/controller/register.go:38	请求数据	{"PostForm": {"userName":"","phone":1,"password":""}}
[free]2023/02/08 - 20:42:43.697	[34minfo[0m	F:/Go/godemo/gorm-demo/controller/register.go:36	请求数据	{"Header": {"Accept":["application/json, text/plain, */*"],"Accept-Encoding":["gzip, deflate, br"],"Accept-Language":["zh-CN,zh;q=0.9"],"Connection":["close"],"Content-Length":["63"],"Content-Type":["application/json"],"Origin":["http://localhost:8998"],"Referer":["http://localhost:8998/"],"Sec-Fetch-Dest":["empty"],"Sec-Fetch-Mode":["cors"],"Sec-Fetch-Site":["same-origin"],"User-Agent":["Mozilla/5.0 (iPhone; CPU iPhone OS 13_2_3 like Mac OS X) AppleWebKit/605.1.15 (KHTML, like Gecko) Version/13.0.3 Mobile/15E148 Safari/604.1"]}}
[free]2023/02/08 - 20:42:43.698	[34minfo[0m	F:/Go/godemo/gorm-demo/controller/register.go:37	请求数据	{"Method": "POST"}
[free]2023/02/08 - 20:42:43.701	[34minfo[0m	F:/Go/godemo/gorm-demo/controller/register.go:38	请求数据	{"PostForm": {"userName":"","phone":1,"password":""}}
[free]2023/02/08 - 20:44:11.073	[34minfo[0m	F:/Go/godemo/gorm-demo/controller/register.go:36	请求数据	{"Header": {"Accept":["application/json, text/plain, */*"],"Accept-Encoding":["gzip, deflate, br"],"Accept-Language":["zh-CN,zh;q=0.9"],"Connection":["close"],"Content-Length":["63"],"Content-Type":["application/json"],"Origin":["http://localhost:8998"],"Referer":["http://localhost:8998/"],"Sec-Fetch-Dest":["empty"],"Sec-Fetch-Mode":["cors"],"Sec-Fetch-Site":["same-origin"],"User-Agent":["Mozilla/5.0 (iPhone; CPU iPhone OS 13_2_3 like Mac OS X) AppleWebKit/605.1.15 (KHTML, like Gecko) Version/13.0.3 Mobile/15E148 Safari/604.1"]}}
[free]2023/02/08 - 20:44:11.074	[34minfo[0m	F:/Go/godemo/gorm-demo/controller/register.go:37	请求数据	{"Method": "POST"}
[free]2023/02/08 - 20:44:11.074	[34minfo[0m	F:/Go/godemo/gorm-demo/controller/register.go:38	请求数据	{"PostForm": {"userName":"","phone":1,"password":""}}
[free]2023/02/08 - 20:44:38.733	[34minfo[0m	F:/Go/godemo/gorm-demo/controller/register.go:36	请求数据	{"Header": {"Accept":["application/json, text/plain, */*"],"Accept-Encoding":["gzip, deflate, br"],"Accept-Language":["zh-CN,zh;q=0.9"],"Connection":["close"],"Content-Length":["63"],"Content-Type":["application/json"],"Origin":["http://localhost:8998"],"Referer":["http://localhost:8998/"],"Sec-Fetch-Dest":["empty"],"Sec-Fetch-Mode":["cors"],"Sec-Fetch-Site":["same-origin"],"User-Agent":["Mozilla/5.0 (iPhone; CPU iPhone OS 13_2_3 like Mac OS X) AppleWebKit/605.1.15 (KHTML, like Gecko) Version/13.0.3 Mobile/15E148 Safari/604.1"]}}
[free]2023/02/08 - 20:44:38.736	[34minfo[0m	F:/Go/godemo/gorm-demo/controller/register.go:37	请求数据	{"Method": "POST"}
[free]2023/02/08 - 20:44:38.736	[34minfo[0m	F:/Go/godemo/gorm-demo/controller/register.go:38	请求数据	{"PostForm": {"userName":"","phone":1,"password":""}}
[free]2023/02/08 - 20:44:41.562	[34minfo[0m	F:/Go/godemo/gorm-demo/controller/register.go:36	请求数据	{"Header": {"Accept":["application/json, text/plain, */*"],"Accept-Encoding":["gzip, deflate, br"],"Accept-Language":["zh-CN,zh;q=0.9"],"Connection":["close"],"Content-Length":["63"],"Content-Type":["application/json"],"Origin":["http://localhost:8998"],"Referer":["http://localhost:8998/"],"Sec-Fetch-Dest":["empty"],"Sec-Fetch-Mode":["cors"],"Sec-Fetch-Site":["same-origin"],"User-Agent":["Mozilla/5.0 (iPhone; CPU iPhone OS 13_2_3 like Mac OS X) AppleWebKit/605.1.15 (KHTML, like Gecko) Version/13.0.3 Mobile/15E148 Safari/604.1"]}}
[free]2023/02/08 - 20:44:41.568	[34minfo[0m	F:/Go/godemo/gorm-demo/controller/register.go:37	请求数据	{"Method": "POST"}
[free]2023/02/08 - 20:44:41.569	[34minfo[0m	F:/Go/godemo/gorm-demo/controller/register.go:38	请求数据	{"PostForm": {"userName":"","phone":1,"password":""}}
[free]2023/02/08 - 20:45:02.009	[34minfo[0m	F:/Go/godemo/gorm-demo/controller/register.go:36	请求数据	{"Header": {"Accept":["application/json, text/plain, */*"],"Accept-Encoding":["gzip, deflate, br"],"Accept-Language":["zh-CN,zh;q=0.9"],"Connection":["close"],"Content-Length":["63"],"Content-Type":["application/json"],"Origin":["http://localhost:8998"],"Referer":["http://localhost:8998/"],"Sec-Fetch-Dest":["empty"],"Sec-Fetch-Mode":["cors"],"Sec-Fetch-Site":["same-origin"],"User-Agent":["Mozilla/5.0 (iPhone; CPU iPhone OS 13_2_3 like Mac OS X) AppleWebKit/605.1.15 (KHTML, like Gecko) Version/13.0.3 Mobile/15E148 Safari/604.1"]}}
[free]2023/02/08 - 20:45:02.010	[34minfo[0m	F:/Go/godemo/gorm-demo/controller/register.go:37	请求数据	{"Method": "POST"}
[free]2023/02/08 - 20:45:02.012	[34minfo[0m	F:/Go/godemo/gorm-demo/controller/register.go:38	请求数据	{"PostForm": {"userName":"","phone":1,"password":""}}
[free]2023/02/08 - 20:46:32.465	[34minfo[0m	F:/Go/godemo/gorm-demo/controller/register.go:36	请求数据	{"Header": {"Accept":["application/json, text/plain, */*"],"Accept-Encoding":["gzip, deflate, br"],"Accept-Language":["zh-CN,zh;q=0.9"],"Connection":["close"],"Content-Length":["63"],"Content-Type":["application/json"],"Origin":["http://localhost:8998"],"Referer":["http://localhost:8998/"],"Sec-Fetch-Dest":["empty"],"Sec-Fetch-Mode":["cors"],"Sec-Fetch-Site":["same-origin"],"User-Agent":["Mozilla/5.0 (iPhone; CPU iPhone OS 13_2_3 like Mac OS X) AppleWebKit/605.1.15 (KHTML, like Gecko) Version/13.0.3 Mobile/15E148 Safari/604.1"]}}
[free]2023/02/08 - 20:46:32.469	[34minfo[0m	F:/Go/godemo/gorm-demo/controller/register.go:37	请求数据	{"Method": "POST"}
[free]2023/02/08 - 20:46:32.473	[34minfo[0m	F:/Go/godemo/gorm-demo/controller/register.go:38	请求数据	{"PostForm": {"userName":"","phone":1,"password":""}}
[free]2023/02/08 - 20:47:23.473	[34minfo[0m	F:/Go/godemo/gorm-demo/controller/register.go:36	请求数据	{"Header": {"Accept":["application/json, text/plain, */*"],"Accept-Encoding":["gzip, deflate, br"],"Accept-Language":["zh-CN,zh;q=0.9"],"Connection":["close"],"Content-Length":["63"],"Content-Type":["application/json"],"Origin":["http://localhost:8998"],"Referer":["http://localhost:8998/"],"Sec-Fetch-Dest":["empty"],"Sec-Fetch-Mode":["cors"],"Sec-Fetch-Site":["same-origin"],"User-Agent":["Mozilla/5.0 (iPhone; CPU iPhone OS 13_2_3 like Mac OS X) AppleWebKit/605.1.15 (KHTML, like Gecko) Version/13.0.3 Mobile/15E148 Safari/604.1"]}}
[free]2023/02/08 - 20:47:23.475	[34minfo[0m	F:/Go/godemo/gorm-demo/controller/register.go:37	请求数据	{"Method": "POST"}
[free]2023/02/08 - 20:47:23.475	[34minfo[0m	F:/Go/godemo/gorm-demo/controller/register.go:38	请求数据	{"PostForm": {"userName":"","phone":1,"password":""}}
[free]2023/02/08 - 20:48:59.935	[34minfo[0m	F:/Go/godemo/gorm-demo/controller/register.go:36	请求数据	{"Header": {"Accept":["application/json, text/plain, */*"],"Accept-Encoding":["gzip, deflate, br"],"Accept-Language":["zh-CN,zh;q=0.9"],"Connection":["close"],"Content-Length":["63"],"Content-Type":["application/json"],"Origin":["http://localhost:8998"],"Referer":["http://localhost:8998/"],"Sec-Fetch-Dest":["empty"],"Sec-Fetch-Mode":["cors"],"Sec-Fetch-Site":["same-origin"],"User-Agent":["Mozilla/5.0 (iPhone; CPU iPhone OS 13_2_3 like Mac OS X) AppleWebKit/605.1.15 (KHTML, like Gecko) Version/13.0.3 Mobile/15E148 Safari/604.1"]}}
[free]2023/02/08 - 20:48:59.938	[34minfo[0m	F:/Go/godemo/gorm-demo/controller/register.go:37	请求数据	{"Method": "POST"}
[free]2023/02/08 - 20:48:59.938	[34minfo[0m	F:/Go/godemo/gorm-demo/controller/register.go:38	请求数据	{"PostForm": {"userName":"","phone":1,"password":""}}
[free]2023/02/08 - 20:58:55.751	[34minfo[0m	F:/Go/godemo/gorm-demo/controller/register.go:36	请求数据	{"Header": {"Accept":["application/json, text/plain, */*"],"Accept-Encoding":["gzip, deflate, br"],"Accept-Language":["zh-CN,zh;q=0.9"],"Connection":["close"],"Content-Length":["63"],"Content-Type":["application/json"],"Origin":["http://localhost:8998"],"Referer":["http://localhost:8998/"],"Sec-Fetch-Dest":["empty"],"Sec-Fetch-Mode":["cors"],"Sec-Fetch-Site":["same-origin"],"User-Agent":["Mozilla/5.0 (iPhone; CPU iPhone OS 13_2_3 like Mac OS X) AppleWebKit/605.1.15 (KHTML, like Gecko) Version/13.0.3 Mobile/15E148 Safari/604.1"]}}
[free]2023/02/08 - 20:58:55.754	[34minfo[0m	F:/Go/godemo/gorm-demo/controller/register.go:37	请求数据	{"Method": "POST"}
[free]2023/02/08 - 20:58:55.756	[34minfo[0m	F:/Go/godemo/gorm-demo/controller/register.go:38	请求数据	{"PostForm": {"userName":"","phone":1,"password":""}}
[free]2023/02/08 - 20:59:16.241	[34minfo[0m	F:/Go/godemo/gorm-demo/controller/register.go:36	请求数据	{"Header": {"Accept":["application/json, text/plain, */*"],"Accept-Encoding":["gzip, deflate, br"],"Accept-Language":["zh-CN,zh;q=0.9"],"Connection":["close"],"Content-Length":["63"],"Content-Type":["application/json"],"Origin":["http://localhost:8998"],"Referer":["http://localhost:8998/"],"Sec-Fetch-Dest":["empty"],"Sec-Fetch-Mode":["cors"],"Sec-Fetch-Site":["same-origin"],"User-Agent":["Mozilla/5.0 (iPhone; CPU iPhone OS 13_2_3 like Mac OS X) AppleWebKit/605.1.15 (KHTML, like Gecko) Version/13.0.3 Mobile/15E148 Safari/604.1"]}}
[free]2023/02/08 - 20:59:16.244	[34minfo[0m	F:/Go/godemo/gorm-demo/controller/register.go:37	请求数据	{"Method": "POST"}
[free]2023/02/08 - 20:59:16.246	[34minfo[0m	F:/Go/godemo/gorm-demo/controller/register.go:38	请求数据	{"PostForm": {"userName":"","phone":1,"password":""}}
[free]2023/02/08 - 20:59:43.503	[34minfo[0m	F:/Go/godemo/gorm-demo/controller/register.go:36	请求数据	{"Header": {"Accept":["application/json, text/plain, */*"],"Accept-Encoding":["gzip, deflate, br"],"Accept-Language":["zh-CN,zh;q=0.9"],"Connection":["close"],"Content-Length":["63"],"Content-Type":["application/json"],"Origin":["http://localhost:8998"],"Referer":["http://localhost:8998/"],"Sec-Fetch-Dest":["empty"],"Sec-Fetch-Mode":["cors"],"Sec-Fetch-Site":["same-origin"],"User-Agent":["Mozilla/5.0 (iPhone; CPU iPhone OS 13_2_3 like Mac OS X) AppleWebKit/605.1.15 (KHTML, like Gecko) Version/13.0.3 Mobile/15E148 Safari/604.1"]}}
[free]2023/02/08 - 20:59:43.505	[34minfo[0m	F:/Go/godemo/gorm-demo/controller/register.go:37	请求数据	{"Method": "POST"}
[free]2023/02/08 - 20:59:43.506	[34minfo[0m	F:/Go/godemo/gorm-demo/controller/register.go:38	请求数据	{"PostForm": {"userName":"","phone":1,"password":""}}
[free]2023/02/08 - 21:00:28.248	[34minfo[0m	F:/Go/godemo/gorm-demo/controller/register.go:36	请求数据	{"Header": {"Accept":["application/json, text/plain, */*"],"Accept-Encoding":["gzip, deflate, br"],"Accept-Language":["zh-CN,zh;q=0.9"],"Connection":["close"],"Content-Length":["63"],"Content-Type":["application/json"],"Origin":["http://localhost:8998"],"Referer":["http://localhost:8998/"],"Sec-Fetch-Dest":["empty"],"Sec-Fetch-Mode":["cors"],"Sec-Fetch-Site":["same-origin"],"User-Agent":["Mozilla/5.0 (iPhone; CPU iPhone OS 13_2_3 like Mac OS X) AppleWebKit/605.1.15 (KHTML, like Gecko) Version/13.0.3 Mobile/15E148 Safari/604.1"]}}
[free]2023/02/08 - 21:00:28.249	[34minfo[0m	F:/Go/godemo/gorm-demo/controller/register.go:37	请求数据	{"Method": "POST"}
[free]2023/02/08 - 21:00:28.250	[34minfo[0m	F:/Go/godemo/gorm-demo/controller/register.go:38	请求数据	{"PostForm": {"userName":"","phone":1,"password":""}}
[free]2023/02/08 - 21:03:25.125	[34minfo[0m	F:/Go/godemo/gorm-demo/controller/register.go:36	请求数据	{"Header": {"Accept":["application/json, text/plain, */*"],"Accept-Encoding":["gzip, deflate, br"],"Accept-Language":["zh-CN,zh;q=0.9"],"Connection":["close"],"Content-Length":["63"],"Content-Type":["application/json"],"Origin":["http://localhost:8998"],"Referer":["http://localhost:8998/"],"Sec-Fetch-Dest":["empty"],"Sec-Fetch-Mode":["cors"],"Sec-Fetch-Site":["same-origin"],"User-Agent":["Mozilla/5.0 (iPhone; CPU iPhone OS 13_2_3 like Mac OS X) AppleWebKit/605.1.15 (KHTML, like Gecko) Version/13.0.3 Mobile/15E148 Safari/604.1"]}}
[free]2023/02/08 - 21:03:25.126	[34minfo[0m	F:/Go/godemo/gorm-demo/controller/register.go:37	请求数据	{"Method": "POST"}
[free]2023/02/08 - 21:03:25.127	[34minfo[0m	F:/Go/godemo/gorm-demo/controller/register.go:38	请求数据	{"PostForm": {"userName":"","phone":1,"password":""}}
[free]2023/02/08 - 21:03:48.621	[34minfo[0m	F:/Go/godemo/gorm-demo/controller/register.go:36	请求数据	{"Header": {"Accept":["application/json, text/plain, */*"],"Accept-Encoding":["gzip, deflate, br"],"Accept-Language":["zh-CN,zh;q=0.9"],"Connection":["close"],"Content-Length":["63"],"Content-Type":["application/json"],"Origin":["http://localhost:8998"],"Referer":["http://localhost:8998/"],"Sec-Fetch-Dest":["empty"],"Sec-Fetch-Mode":["cors"],"Sec-Fetch-Site":["same-origin"],"User-Agent":["Mozilla/5.0 (iPhone; CPU iPhone OS 13_2_3 like Mac OS X) AppleWebKit/605.1.15 (KHTML, like Gecko) Version/13.0.3 Mobile/15E148 Safari/604.1"]}}
[free]2023/02/08 - 21:03:48.629	[34minfo[0m	F:/Go/godemo/gorm-demo/controller/register.go:37	请求数据	{"Method": "POST"}
[free]2023/02/08 - 21:03:48.630	[34minfo[0m	F:/Go/godemo/gorm-demo/controller/register.go:38	请求数据	{"PostForm": {"userName":"","phone":1,"password":""}}
[free]2023/02/08 - 21:04:13.424	[34minfo[0m	F:/Go/godemo/gorm-demo/controller/register.go:36	请求数据	{"Header": {"Accept":["application/json, text/plain, */*"],"Accept-Encoding":["gzip, deflate, br"],"Accept-Language":["zh-CN,zh;q=0.9"],"Connection":["close"],"Content-Length":["63"],"Content-Type":["application/json"],"Origin":["http://localhost:8998"],"Referer":["http://localhost:8998/"],"Sec-Fetch-Dest":["empty"],"Sec-Fetch-Mode":["cors"],"Sec-Fetch-Site":["same-origin"],"User-Agent":["Mozilla/5.0 (iPhone; CPU iPhone OS 13_2_3 like Mac OS X) AppleWebKit/605.1.15 (KHTML, like Gecko) Version/13.0.3 Mobile/15E148 Safari/604.1"]}}
[free]2023/02/08 - 21:04:13.424	[34minfo[0m	F:/Go/godemo/gorm-demo/controller/register.go:37	请求数据	{"Method": "POST"}
[free]2023/02/08 - 21:04:13.425	[34minfo[0m	F:/Go/godemo/gorm-demo/controller/register.go:38	请求数据	{"PostForm": {"userName":"","phone":1,"password":""}}
[free]2023/02/08 - 21:04:17.052	[34minfo[0m	F:/Go/godemo/gorm-demo/controller/register.go:36	请求数据	{"Header": {"Accept":["application/json, text/plain, */*"],"Accept-Encoding":["gzip, deflate, br"],"Accept-Language":["zh-CN,zh;q=0.9"],"Connection":["close"],"Content-Length":["63"],"Content-Type":["application/json"],"Origin":["http://localhost:8998"],"Referer":["http://localhost:8998/"],"Sec-Fetch-Dest":["empty"],"Sec-Fetch-Mode":["cors"],"Sec-Fetch-Site":["same-origin"],"User-Agent":["Mozilla/5.0 (iPhone; CPU iPhone OS 13_2_3 like Mac OS X) AppleWebKit/605.1.15 (KHTML, like Gecko) Version/13.0.3 Mobile/15E148 Safari/604.1"]}}
[free]2023/02/08 - 21:04:17.054	[34minfo[0m	F:/Go/godemo/gorm-demo/controller/register.go:37	请求数据	{"Method": "POST"}
[free]2023/02/08 - 21:04:17.055	[34minfo[0m	F:/Go/godemo/gorm-demo/controller/register.go:38	请求数据	{"PostForm": {"userName":"","phone":1,"password":""}}
[free]2023/02/08 - 21:29:09.834	[34minfo[0m	F:/Go/godemo/gorm-demo/controller/register.go:36	请求数据	{"Header": {"Accept":["*/*"],"Accept-Encoding":["gzip, deflate, br"],"Authorization":["4654654sdf54sf6ew4fef"],"Connection":["keep-alive"],"Content-Length":["117"],"Content-Type":["application/json"],"User-Agent":["Apifox/1.0.0 (https://www.apifox.cn)"]}}
[free]2023/02/08 - 21:29:09.852	[34minfo[0m	F:/Go/godemo/gorm-demo/controller/register.go:37	请求数据	{"Method": "POST"}
[free]2023/02/08 - 21:29:09.862	[34minfo[0m	F:/Go/godemo/gorm-demo/controller/register.go:38	请求数据	{"PostForm": {"userName":"ac","phone":15500000001,"password":"000000"}}
[free]2023/02/08 - 21:30:24.261	[34minfo[0m	F:/Go/godemo/gorm-demo/controller/register.go:36	请求数据	{"Header": {"Accept":["*/*"],"Accept-Encoding":["gzip, deflate, br"],"Authorization":["4654654sdf54sf6ew4fef"],"Connection":["keep-alive"],"Content-Length":["117"],"Content-Type":["application/json"],"User-Agent":["Apifox/1.0.0 (https://www.apifox.cn)"]}}
[free]2023/02/08 - 21:30:24.280	[34minfo[0m	F:/Go/godemo/gorm-demo/controller/register.go:37	请求数据	{"Method": "POST"}
[free]2023/02/08 - 21:30:24.280	[34minfo[0m	F:/Go/godemo/gorm-demo/controller/register.go:38	请求数据	{"PostForm": {"userName":"ac","phone":15500000001,"password":"000000"}}
[free]2023/02/08 - 21:31:27.785	[34minfo[0m	F:/Go/godemo/gorm-demo/controller/register.go:36	请求数据	{"Header": {"Accept":["*/*"],"Accept-Encoding":["gzip, deflate, br"],"Authorization":["4654654sdf54sf6ew4fef"],"Connection":["keep-alive"],"Content-Length":["117"],"Content-Type":["application/json"],"User-Agent":["Apifox/1.0.0 (https://www.apifox.cn)"]}}
[free]2023/02/08 - 21:31:27.801	[34minfo[0m	F:/Go/godemo/gorm-demo/controller/register.go:37	请求数据	{"Method": "POST"}
